This is pdfTeX, Version 3.141592653-2.6-1.40.24 (TeX Live 2022) (preloaded format=pdflatex 2022.7.23)  13 JUN 2023 21:20
entering extended mode
 restricted \write18 enabled.
 file:line:error style messages enabled.
 %&-line parsing enabled.
**d:/latex_projects/mDPVI_experiment/Formatting-Instructions-LaTeX-2023.tex
(d:/latex_projects/mDPVI_experiment/Formatting-Instructions-LaTeX-2023.tex
LaTeX2e <2021-11-15> patch level 1
L3 programming layer <2022-02-24> (d:/texlive/2022/texmf-dist/tex/latex/base/article.cls
Document Class: article 2021/10/04 v1.4n Standard LaTeX document class
(d:/texlive/2022/texmf-dist/tex/latex/base/size10.clo
File: size10.clo 2021/10/04 v1.4n Standard LaTeX file (size option)
)
\c@part=\count185
\c@section=\count186
\c@subsection=\count187
\c@subsubsection=\count188
\c@paragraph=\count189
\c@subparagraph=\count190
\c@figure=\count191
\c@table=\count192
\abovecaptionskip=\skip47
\belowcaptionskip=\skip48
\bibindent=\dimen138
) (./aaai23.sty
Package: aaai23 2023/06/27 AAAI 2023 Submission format

Conference Style for AAAI for LaTeX 2e -- version for submission
\titlebox=\skip49
) (d:/texlive/2022/texmf-dist/tex/latex/psnfss/times.sty
Package: times 2020/03/25 PSNFSS-v9.3 (SPQR) 
) (d:/texlive/2022/texmf-dist/tex/latex/psnfss/helvet.sty
Package: helvet 2020/03/25 PSNFSS-v9.3 (WaS) 
 (d:/texlive/2022/texmf-dist/tex/latex/graphics/keyval.sty
Package: keyval 2014/10/28 v1.15 key=value parser (DPC)
\KV@toks@=\toks16
)) (d:/texlive/2022/texmf-dist/tex/latex/psnfss/courier.sty
Package: courier 2020/03/25 PSNFSS-v9.3 (WaS) 
) (d:/texlive/2022/texmf-dist/tex/latex/url/url.sty
\Urlmuskip=\muskip16
Package: url 2013/09/16  ver 3.4  Verb mode for urls, etc.
) (d:/texlive/2022/texmf-dist/tex/latex/graphics/graphicx.sty
Package: graphicx 2021/09/16 v1.2d Enhanced LaTeX Graphics (DPC,SPQR)
 (d:/texlive/2022/texmf-dist/tex/latex/graphics/graphics.sty
Package: graphics 2021/03/04 v1.4d Standard LaTeX Graphics (DPC,SPQR)
 (d:/texlive/2022/texmf-dist/tex/latex/graphics/trig.sty
Package: trig 2021/08/11 v1.11 sin cos tan (DPC)
) (d:/texlive/2022/texmf-dist/tex/latex/graphics-cfg/graphics.cfg
File: graphics.cfg 2016/06/04 v1.11 sample graphics configuration
)
Package graphics Info: Driver file: pdftex.def on input line 107.
 (d:/texlive/2022/texmf-dist/tex/latex/graphics-def/pdftex.def
File: pdftex.def 2020/10/05 v1.2a Graphics/color driver for pdftex
))
\Gin@req@height=\dimen139
\Gin@req@width=\dimen140
) (d:/texlive/2022/texmf-dist/tex/latex/natbib/natbib.sty
Package: natbib 2010/09/13 8.31b (PWD, AO)
\bibhang=\skip50
\bibsep=\skip51
LaTeX Info: Redefining \cite on input line 694.
\c@NAT@ctr=\count193
) (d:/texlive/2022/texmf-dist/tex/latex/caption/caption.sty
Package: caption 2022/03/01 v3.6b Customizing captions (AR)
 (d:/texlive/2022/texmf-dist/tex/latex/caption/caption3.sty
Package: caption3 2022/03/17 v2.3b caption3 kernel (AR)
\caption@tempdima=\dimen141
\captionmargin=\dimen142
\caption@leftmargin=\dimen143
\caption@rightmargin=\dimen144
\caption@width=\dimen145
\caption@indent=\dimen146
\caption@parindent=\dimen147
\caption@hangindent=\dimen148
Package caption Info: Standard document class detected.
)
\c@caption@flags=\count194
\c@continuedfloat=\count195
) (d:/texlive/2022/texmf-dist/tex/latex/algorithms/algorithm.sty
Package: algorithm 2009/08/24 v0.1 Document Style `algorithm' - floating environment
 (d:/texlive/2022/texmf-dist/tex/latex/float/float.sty
Package: float 2001/11/08 v1.3d Float enhancements (AL)
\c@float@type=\count196
\float@exts=\toks17
\float@box=\box50
\@float@everytoks=\toks18
\@floatcapt=\box51
) (d:/texlive/2022/texmf-dist/tex/latex/base/ifthen.sty
Package: ifthen 2020/11/24 v1.1c Standard LaTeX ifthen package (DPC)
)
\@float@every@algorithm=\toks19
\c@algorithm=\count197
) (d:/texlive/2022/texmf-dist/tex/latex/algorithms/algorithmic.sty
Package: algorithmic 2009/08/24 v0.1 Document Style `algorithmic'
\c@ALC@unique=\count198
\c@ALC@line=\count199
\c@ALC@rem=\count266
\c@ALC@depth=\count267
\ALC@tlm=\skip52
\algorithmicindent=\skip53
) (d:/texlive/2022/texmf-dist/tex/latex/newfloat/newfloat.sty
Package: newfloat 2019/09/02 v1.1l Defining new floating environments (AR)
) (d:/texlive/2022/texmf-dist/tex/latex/listings/listings.sty
\lst@mode=\count268
\lst@gtempboxa=\box52
\lst@token=\toks20
\lst@length=\count269
\lst@currlwidth=\dimen149
\lst@column=\count270
\lst@pos=\count271
\lst@lostspace=\dimen150
\lst@width=\dimen151
\lst@newlines=\count272
\lst@lineno=\count273
\lst@maxwidth=\dimen152
 (d:/texlive/2022/texmf-dist/tex/latex/listings/lstmisc.sty
File: lstmisc.sty 2020/03/24 1.8d (Carsten Heinz)
\c@lstnumber=\count274
\lst@skipnumbers=\count275
\lst@framebox=\box53
) (d:/texlive/2022/texmf-dist/tex/latex/listings/listings.cfg
File: listings.cfg 2020/03/24 1.8d listings configuration
))
Package: listings 2020/03/24 1.8d (Carsten Heinz)
\@float@every@listing=\toks21
\c@listing=\count276
 (d:/texlive/2022/texmf-dist/tex/latex/natbib/bibentry.sty
Package: bibentry 2007/10/30 1.5 (PWD)
)
LaTeX Font Info:    Trying to load font information for OT1+ptm on input line 165.
 (d:/texlive/2022/texmf-dist/tex/latex/psnfss/ot1ptm.fd
File: ot1ptm.fd 2001/06/04 font definitions for OT1/ptm.
) (d:/texlive/2022/texmf-dist/tex/latex/l3backend/l3backend-pdftex.def
File: l3backend-pdftex.def 2022-02-07 L3 backend support: PDF output (pdfTeX)
\l__color_backend_stack_int=\count277
\l__pdf_internal_box=\box54
) (./Formatting-Instructions-LaTeX-2023.aux)
\openout1 = `Formatting-Instructions-LaTeX-2023.aux'.

LaTeX Font Info:    Checking defaults for OML/cmm/m/it on input line 165.
LaTeX Font Info:    ... okay on input line 165.
LaTeX Font Info:    Checking defaults for OMS/cmsy/m/n on input line 165.
LaTeX Font Info:    ... okay on input line 165.
LaTeX Font Info:    Checking defaults for OT1/cmr/m/n on input line 165.
LaTeX Font Info:    ... okay on input line 165.
LaTeX Font Info:    Checking defaults for T1/cmr/m/n on input line 165.
LaTeX Font Info:    ... okay on input line 165.
LaTeX Font Info:    Checking defaults for TS1/cmr/m/n on input line 165.
LaTeX Font Info:    ... okay on input line 165.
LaTeX Font Info:    Checking defaults for OMX/cmex/m/n on input line 165.
LaTeX Font Info:    ... okay on input line 165.
LaTeX Font Info:    Checking defaults for U/cmr/m/n on input line 165.
LaTeX Font Info:    ... okay on input line 165.
 (d:/texlive/2022/texmf-dist/tex/context/base/mkii/supp-pdf.mkii
[Loading MPS to PDF converter (version 2006.09.02).]
\scratchcounter=\count278
\scratchdimen=\dimen153
\scratchbox=\box55
\nofMPsegments=\count279
\nofMParguments=\count280
\everyMPshowfont=\toks22
\MPscratchCnt=\count281
\MPscratchDim=\dimen154
\MPnumerator=\count282
\makeMPintoPDFobject=\count283
\everyMPtoPDFconversion=\toks23
) (d:/texlive/2022/texmf-dist/tex/latex/epstopdf-pkg/epstopdf-base.sty
Package: epstopdf-base 2020-01-24 v2.11 Base part for package epstopdf
Package epstopdf-base Info: Redefining graphics rule for `.eps' on input line 485.
 (d:/texlive/2022/texmf-dist/tex/latex/latexconfig/epstopdf-sys.cfg
File: epstopdf-sys.cfg 2010/07/13 v1.3 Configuration of (r)epstopdf for TeX Live
))
Package caption Info: Begin \AtBeginDocument code.
Package caption Info: float package is loaded.
Package caption Info: listings package is loaded.
Package caption Info: End \AtBeginDocument code.
Package newfloat Info: `float' package detected.
\c@lstlisting=\count284
\c@eqfn=\count285
\titlearea=\box56
LaTeX Font Info:    External font `cmex10' loaded for size
(Font)              <14.4> on input line 167.
LaTeX Font Info:    External font `cmex10' loaded for size
(Font)              <7> on input line 167.
LaTeX Font Info:    External font `cmex10' loaded for size
(Font)              <12> on input line 167.
LaTeX Font Info:    External font `cmex10' loaded for size
(Font)              <8> on input line 167.
LaTeX Font Info:    External font `cmex10' loaded for size
(Font)              <6> on input line 167.
LaTeX Font Info:    External font `cmex10' loaded for size
(Font)              <5> on input line 167.
\actualheight=\skip54
LaTeX Font Info:    Trying to load font information for TS1+ptm on input line 167.
 (d:/texlive/2022/texmf-dist/tex/latex/psnfss/ts1ptm.fd
File: ts1ptm.fd 2001/06/04 font definitions for TS1/ptm.
)
LaTeX Font Info:    External font `cmex10' loaded for size
(Font)              <9> on input line 167.
 [1{d:/texlive/2022/texmf-var/fonts/map/pdftex/updmap/pdftex.map}



] [2]
LaTeX Font Info:    Trying to load font information for OT1+pcr on input line 258.
 (d:/texlive/2022/texmf-dist/tex/latex/psnfss/ot1pcr.fd
File: ot1pcr.fd 2001/06/04 font definitions for OT1/pcr.
)
LaTeX Font Info:    Trying to load font information for OMS+ptm on input line 322.
 (d:/texlive/2022/texmf-dist/tex/latex/psnfss/omsptm.fd
File: omsptm.fd 
)
LaTeX Font Info:    Font shape `OMS/ptm/m/n' in size <10> not available
(Font)              Font shape `OMS/cmsy/m/n' tried instead on input line 322.

Underfull \hbox (badness 10000) in paragraph at lines 397--398
[]\OT1/ptm/m/n/10 Commands that al-ter page lay-out are for-bid-
 []


Underfull \hbox (badness 7832) in paragraph at lines 397--398
\OT1/ptm/m/n/10 den. These in-clude \OMS/cmsy/m/n/10 n\OT1/ptm/m/n/10 columnsep, \OMS/cmsy/m/n/10 n\OT1/ptm/m/n/10 float, \OMS/cmsy/m/n/10 n\OT1/ptm/m/n/10 topmargin,
 []


Underfull \hbox (badness 3049) in paragraph at lines 397--398
\OMS/cmsy/m/n/10 n\OT1/ptm/m/n/10 topskip, \OMS/cmsy/m/n/10 n\OT1/ptm/m/n/10 textheight, \OMS/cmsy/m/n/10 n\OT1/ptm/m/n/10 textwidth, \OMS/cmsy/m/n/10 n\OT1/ptm/m/n/10 oddsidemargin, and
 []

[3]
Underfull \hbox (badness 1264) in paragraph at lines 414--416
 \OT1/ptm/b/n/10 Ob-tain-ing Type 1 Com-puter Mod-ern for L[]T[]X. \OT1/ptm/m/n/10 If
 []


Underfull \hbox (badness 1281) in paragraph at lines 414--416
\OT1/ptm/m/n/10 pa-per (you can-not use it for the text) you may need
 []


Underfull \hbox (badness 2213) in paragraph at lines 426--427
 \OT1/ptm/b/n/10 For-mat-ting Au-thor In-for-ma-tion. \OT1/ptm/m/n/10 Au-thor in-for-ma-tion
 []

[4]
Overfull \hbox (4.60545pt too wide) in paragraph at lines 461--461
 []    \OT1/pcr/m/n/7 AuthorOne,\equalcontrib\textsuperscript{\rm 1,\rm2}[] 
 []

LaTeX Font Info:    External font `cmex10' loaded for size
(Font)              <10.95> on input line 467.

Underfull \hbox (badness 1231) in paragraph at lines 468--469
\OT1/ptm/m/n/10 The copy-right no-tice au-to-mat-i-cally ap-pears if you use
 []

LaTeX Font Info:    Font shape `OMS/ptm/m/n' in size <9> not available
(Font)              Font shape `OMS/cmsy/m/n' tried instead on input line 476.

Underfull \hbox (badness 3209) in paragraph at lines 515--516
 \OT1/ptm/b/n/10 Sec-tion Head-ings. \OT1/ptm/m/n/10 Sec-tions should be ar-ranged and
 []

LaTeX Font Info:    Trying to load font information for OMS+pcr on input line 525.
(d:/texlive/2022/texmf-dist/tex/latex/psnfss/omspcr.fd
File: omspcr.fd 
)
LaTeX Font Info:    Font shape `OMS/pcr/m/n' in size <10> not available
(Font)              Font shape `OMS/cmsy/m/n' tried instead on input line 525.
 [5]
Underfull \hbox (badness 1377) in paragraph at lines 534--535
 \OT1/ptm/b/n/10 Ref-er-ences. \OT1/ptm/m/n/10 The ref-er-ences sec-tion should be la-beled
 []

<figure1.pdf, id=24, 250.7769pt x 87.6876pt>
File: figure1.pdf Graphic file (type pdf)
<use figure1.pdf>
Package pdftex.def Info: figure1.pdf  used on input line 540.
(pdftex.def)             Requested size: 215.45348pt x 75.33894pt.
<figure2.pdf, id=25, 505.89pt x 159.9576pt>
File: figure2.pdf Graphic file (type pdf)
<use figure2.pdf>
Package pdftex.def Info: figure2.pdf  used on input line 547.
(pdftex.def)             Requested size: 404.71353pt x 127.96867pt.

Underfull \hbox (badness 10000) in paragraph at lines 578--579
 \OT1/ptm/b/n/10 Low-Resolution Bitmaps. \OT1/ptm/m/n/10 You may not use low-
 []


Underfull \hbox (badness 5403) in paragraph at lines 578--579
\OT1/ptm/m/n/10 resolution (such as 72 dpi) screen-dumps and GIF
 []

[6 <./figure1.pdf>]
Underfull \hbox (badness 10000) in paragraph at lines 602--603
[]\OT1/ptm/m/n/10 In L[]T[]X al-go-rithms may be type-set us-ing the
 []


Underfull \hbox (badness 4024) in paragraph at lines 602--603
\OT1/pcr/m/n/10 algorithm \OT1/ptm/m/n/10 and \OT1/pcr/m/n/10 algorithmic \OT1/ptm/m/n/10 pack-ages, but you
 []

[7 <./figure2.pdf>] (d:/texlive/2022/texmf-dist/tex/latex/listings/lstlang1.sty
File: lstlang1.sty 2020/03/24 1.8d listings language file
) (d:/texlive/2022/texmf-dist/tex/latex/listings/lstlang2.sty
File: lstlang2.sty 2020/03/24 1.8d listings language file
)
Underfull \hbox (badness 1953) in paragraph at lines 655--656
\OT1/ptm/m/n/10 You must re-duce the size equally for both font size
 []

LaTeX Font Info:    Font shape `OMS/ptm/m/it' in size <10> not available
(Font)              Font shape `OMS/cmsy/m/n' tried instead on input line 661.

Underfull \hbox (badness 1028) in paragraph at lines 693--694
\OT1/ptm/m/n/10 L[]T[]X is a dif-fi-cult pro-gram to mas-ter. If you've used
 []


Underfull \hbox (badness 1389) in paragraph at lines 693--694
\OT1/ptm/m/n/10 that soft-ware, and this doc-u-ment didn't help or some
 []


Underfull \hbox (badness 1087) in paragraph at lines 693--694
\OT1/ptm/m/n/10 2002/08/13) about ob-tain-ing cor-rect PS/PDF out-put on
 []

[8] (./Formatting-Instructions-LaTeX-2023.bbl)
Underfull \hbox (badness 1983) in paragraph at lines 705--708
 \OT1/ptm/b/n/10 Jour-nal and mag-a-zine ar-ti-cles \OT1/ptm/m/n/10 Use the \OT1/pcr/m/n/10 @article
 []


Underfull \hbox (badness 1902) in paragraph at lines 713--715
 \OT1/ptm/b/n/10 Uni-ver-sity tech-ni-cal re-port \OT1/ptm/m/n/10 Use the \OT1/pcr/m/n/10 @techreport
 []


Underfull \hbox (badness 2221) in paragraph at lines 760--761
\OT1/ptm/m/n/10 style, please con-sult the \OT1/ptm/m/it/10 AI Mag-a-zine \OT1/ptm/m/n/10 Au-thor Guide-
 []


Underfull \hbox (badness 10000) in paragraph at lines 760--761
\OT1/ptm/m/n/10 lines at $https : / / aaai . org / ojs / index . php / aimagazine / about /
 []

(./Formatting-Instructions-LaTeX-2023.bbl [9]) [10

] (./Formatting-Instructions-LaTeX-2023.aux) ) 
Here is how much of TeX's memory you used:
 6096 strings out of 478268
 96308 string characters out of 5850345
 601676 words of memory out of 5000000
 24234 multiletter control sequences out of 15000+600000
 498938 words of font info for 85 fonts, out of 8000000 for 9000
 1141 hyphenation exceptions out of 8191
 55i,8n,63p,961b,1833s stack positions out of 10000i,1000n,20000p,200000b,200000s
{d:/texlive/2022/texmf-dist/fonts/enc/dvips/base/8r.enc}<d:/texlive/2022/texmf-dist/fonts/type1/public/amsfonts/cm/cmmi10.pfb><d:/texlive/2022/texmf-dist/fonts/type1/public/amsfonts/cm/cmr10.pfb><d:/texlive/2022/texmf-dist/fonts/type1/public/amsfonts/cm/cmsy10.pfb><d:/texlive/2022/texmf-dist/fonts/type1/public/amsfonts/cm/cmsy9.pfb><d:/texlive/2022/texmf-dist/fonts/type1/urw/courier/ucrb8a.pfb><d:/texlive/2022/texmf-dist/fonts/type1/urw/courier/ucrr8a.pfb><d:/texlive/2022/texmf-dist/fonts/type1/urw/times/utmb8a.pfb><d:/texlive/2022/texmf-dist/fonts/type1/urw/times/utmr8a.pfb><d:/texlive/2022/texmf-dist/fonts/type1/urw/times/utmri8a.pfb>
Output written on Formatting-Instructions-LaTeX-2023.pdf (10 pages, 3679733 bytes).
PDF statistics:
 89 PDF objects out of 1000 (max. 8388607)
 54 compressed objects within 1 object stream
 0 named destinations out of 1000 (max. 500000)
 11 words of extra memory for PDF output out of 10000 (max. 10000000)

